<?xml version="1.0" encoding="UTF-8"?>
<!-- Generated by org.testng.reporters.JUnitReportReporter -->
<testsuite hostname="DESKTOP-2VJ9K9G" failures="0" tests="1" name="com.testngDataProvider.HomePage" time="3.438" errors="0" timestamp="2022-12-12T09:29:02 PST" skipped="0">
  <testcase classname="com.testngDataProvider.HomePage" name="testGoogleData" time="3.438"/>
  <system-out>
    <![CDATA[Keyword entered is : Google pakistan
Search results are displayed.]]>
  </system-out>
</testsuite> <!-- com.testngDataProvider.HomePage -->
